<?xml version="1.0" encoding="UTF-8"?>
<testsuite xmlns:xsi="http://www.w3.org/2001/XMLSchema-instance" xsi:noNamespaceSchemaLocation="https://maven.apache.org/surefire/maven-surefire-plugin/xsd/surefire-test-report-3.0.xsd" version="3.0" name="edu.yu.cs.com1320.project.stage5.UndoTest" time="0.031" tests="11" errors="3" skipped="0" failures="4">
  <properties>
    <property name="java.specification.version" value="17"/>
    <property name="sun.jnu.encoding" value="UTF-8"/>
    <property name="java.class.path" value="/Users/samshulman/Desktop/Shulman_Sam_9736998748/DataStructures/project/stage5/target/test-classes:/Users/samshulman/Desktop/Shulman_Sam_9736998748/DataStructures/project/stage5/target/classes:/Users/samshulman/.m2/repository/org/junit/jupiter/junit-jupiter-api/5.7.1/junit-jupiter-api-5.7.1.jar:/Users/samshulman/.m2/repository/org/apiguardian/apiguardian-api/1.1.0/apiguardian-api-1.1.0.jar:/Users/samshulman/.m2/repository/org/opentest4j/opentest4j/1.2.0/opentest4j-1.2.0.jar:/Users/samshulman/.m2/repository/org/junit/platform/junit-platform-commons/1.7.1/junit-platform-commons-1.7.1.jar:/Users/samshulman/.m2/repository/org/junit/jupiter/junit-jupiter-engine/5.7.1/junit-jupiter-engine-5.7.1.jar:/Users/samshulman/.m2/repository/org/junit/platform/junit-platform-engine/1.7.1/junit-platform-engine-1.7.1.jar:/Users/samshulman/.m2/repository/junit/junit/4.13/junit-4.13.jar:/Users/samshulman/.m2/repository/org/hamcrest/hamcrest-core/1.3/hamcrest-core-1.3.jar:/Users/samshulman/.m2/repository/org/junit/vintage/junit-vintage-engine/5.7.1/junit-vintage-engine-5.7.1.jar:/Users/samshulman/.m2/repository/com/google/code/gson/gson/2.8.6/gson-2.8.6.jar:/Users/samshulman/.m2/repository/org/apache/maven/plugins/maven-surefire-plugin/3.0.0-M5/maven-surefire-plugin-3.0.0-M5.jar:/Users/samshulman/.m2/repository/org/apache/maven/surefire/maven-surefire-common/3.0.0-M5/maven-surefire-common-3.0.0-M5.jar:/Users/samshulman/.m2/repository/org/apache/maven/surefire/surefire-api/3.0.0-M5/surefire-api-3.0.0-M5.jar:/Users/samshulman/.m2/repository/org/apache/maven/surefire/surefire-extensions-api/3.0.0-M5/surefire-extensions-api-3.0.0-M5.jar:/Users/samshulman/.m2/repository/org/apache/maven/surefire/surefire-booter/3.0.0-M5/surefire-booter-3.0.0-M5.jar:/Users/samshulman/.m2/repository/org/apache/maven/surefire/surefire-extensions-spi/3.0.0-M5/surefire-extensions-spi-3.0.0-M5.jar:/Users/samshulman/.m2/repository/org/apache/maven/maven-toolchain/3.0-alpha-2/maven-toolchain-3.0-alpha-2.jar:/Users/samshulman/.m2/repository/org/apache/maven/shared/maven-artifact-transfer/0.11.0/maven-artifact-transfer-0.11.0.jar:/Users/samshulman/.m2/repository/org/apache/maven/shared/maven-common-artifact-filters/3.0.1/maven-common-artifact-filters-3.0.1.jar:/Users/samshulman/.m2/repository/org/apache/maven/maven-model/3.0/maven-model-3.0.jar:/Users/samshulman/.m2/repository/org/apache/maven/maven-plugin-api/3.0/maven-plugin-api-3.0.jar:/Users/samshulman/.m2/repository/org/sonatype/sisu/sisu-inject-plexus/1.4.2/sisu-inject-plexus-1.4.2.jar:/Users/samshulman/.m2/repository/org/codehaus/plexus/plexus-classworlds/2.2.3/plexus-classworlds-2.2.3.jar:/Users/samshulman/.m2/repository/org/sonatype/sisu/sisu-inject-bean/1.4.2/sisu-inject-bean-1.4.2.jar:/Users/samshulman/.m2/repository/org/sonatype/sisu/sisu-guice/2.1.7/sisu-guice-2.1.7-noaop.jar:/Users/samshulman/.m2/repository/org/apache/maven/shared/maven-shared-utils/3.1.0/maven-shared-utils-3.1.0.jar:/Users/samshulman/.m2/repository/commons-io/commons-io/2.5/commons-io-2.5.jar:/Users/samshulman/.m2/repository/commons-codec/commons-codec/1.11/commons-codec-1.11.jar:/Users/samshulman/.m2/repository/org/codehaus/plexus/plexus-java/1.0.5/plexus-java-1.0.5.jar:/Users/samshulman/.m2/repository/org/ow2/asm/asm/7.2/asm-7.2.jar:/Users/samshulman/.m2/repository/com/thoughtworks/qdox/qdox/2.0-M9/qdox-2.0-M9.jar:/Users/samshulman/.m2/repository/org/apache/maven/surefire/surefire-report-parser/3.0.0-M5/surefire-report-parser-3.0.0-M5.jar:/Users/samshulman/.m2/repository/org/apache/maven/surefire/surefire-logger-api/3.0.0-M5/surefire-logger-api-3.0.0-M5.jar:/Users/samshulman/.m2/repository/org/apache/maven/surefire/surefire-shared-utils/3.0.0-M4/surefire-shared-utils-3.0.0-M4.jar:/Users/samshulman/.m2/repository/org/apache/maven/reporting/maven-reporting-api/3.0/maven-reporting-api-3.0.jar:/Users/samshulman/.m2/repository/org/apache/maven/doxia/doxia-sink-api/1.0/doxia-sink-api-1.0.jar:/Users/samshulman/.m2/repository/jakarta/xml/bind/jakarta.xml.bind-api/3.0.0/jakarta.xml.bind-api-3.0.0.jar:/Users/samshulman/.m2/repository/com/sun/activation/jakarta.activation/2.0.0/jakarta.activation-2.0.0.jar:/Users/samshulman/.m2/repository/com/sun/xml/bind/jaxb-impl/3.0.0/jaxb-impl-3.0.0.jar:/Users/samshulman/.m2/repository/com/sun/xml/bind/jaxb-core/3.0.0/jaxb-core-3.0.0.jar:"/>
    <property name="java.vm.vendor" value="Oracle Corporation"/>
    <property name="sun.arch.data.model" value="64"/>
    <property name="java.vendor.url" value="https://java.oracle.com/"/>
    <property name="os.name" value="Mac OS X"/>
    <property name="java.vm.specification.version" value="17"/>
    <property name="sun.java.launcher" value="SUN_STANDARD"/>
    <property name="user.country" value="US"/>
    <property name="sun.boot.library.path" value="/Users/samshulman/Library/Java/JavaVirtualMachines/openjdk-17.0.1/Contents/Home/lib"/>
    <property name="sun.java.command" value="/Users/samshulman/Desktop/Shulman_Sam_9736998748/DataStructures/project/stage5/target/surefire/surefirebooter1729745553841935899.jar /Users/samshulman/Desktop/Shulman_Sam_9736998748/DataStructures/project/stage5/target/surefire 2022-05-29T21-57-44_376-jvmRun1 surefire201083672977154005tmp surefire_03765903495820774116tmp"/>
    <property name="http.nonProxyHosts" value="local|*.local|169.254/16|*.169.254/16"/>
    <property name="jdk.debug" value="release"/>
    <property name="surefire.test.class.path" value="/Users/samshulman/Desktop/Shulman_Sam_9736998748/DataStructures/project/stage5/target/test-classes:/Users/samshulman/Desktop/Shulman_Sam_9736998748/DataStructures/project/stage5/target/classes:/Users/samshulman/.m2/repository/org/junit/jupiter/junit-jupiter-api/5.7.1/junit-jupiter-api-5.7.1.jar:/Users/samshulman/.m2/repository/org/apiguardian/apiguardian-api/1.1.0/apiguardian-api-1.1.0.jar:/Users/samshulman/.m2/repository/org/opentest4j/opentest4j/1.2.0/opentest4j-1.2.0.jar:/Users/samshulman/.m2/repository/org/junit/platform/junit-platform-commons/1.7.1/junit-platform-commons-1.7.1.jar:/Users/samshulman/.m2/repository/org/junit/jupiter/junit-jupiter-engine/5.7.1/junit-jupiter-engine-5.7.1.jar:/Users/samshulman/.m2/repository/org/junit/platform/junit-platform-engine/1.7.1/junit-platform-engine-1.7.1.jar:/Users/samshulman/.m2/repository/junit/junit/4.13/junit-4.13.jar:/Users/samshulman/.m2/repository/org/hamcrest/hamcrest-core/1.3/hamcrest-core-1.3.jar:/Users/samshulman/.m2/repository/org/junit/vintage/junit-vintage-engine/5.7.1/junit-vintage-engine-5.7.1.jar:/Users/samshulman/.m2/repository/com/google/code/gson/gson/2.8.6/gson-2.8.6.jar:/Users/samshulman/.m2/repository/org/apache/maven/plugins/maven-surefire-plugin/3.0.0-M5/maven-surefire-plugin-3.0.0-M5.jar:/Users/samshulman/.m2/repository/org/apache/maven/surefire/maven-surefire-common/3.0.0-M5/maven-surefire-common-3.0.0-M5.jar:/Users/samshulman/.m2/repository/org/apache/maven/surefire/surefire-api/3.0.0-M5/surefire-api-3.0.0-M5.jar:/Users/samshulman/.m2/repository/org/apache/maven/surefire/surefire-extensions-api/3.0.0-M5/surefire-extensions-api-3.0.0-M5.jar:/Users/samshulman/.m2/repository/org/apache/maven/surefire/surefire-booter/3.0.0-M5/surefire-booter-3.0.0-M5.jar:/Users/samshulman/.m2/repository/org/apache/maven/surefire/surefire-extensions-spi/3.0.0-M5/surefire-extensions-spi-3.0.0-M5.jar:/Users/samshulman/.m2/repository/org/apache/maven/maven-toolchain/3.0-alpha-2/maven-toolchain-3.0-alpha-2.jar:/Users/samshulman/.m2/repository/org/apache/maven/shared/maven-artifact-transfer/0.11.0/maven-artifact-transfer-0.11.0.jar:/Users/samshulman/.m2/repository/org/apache/maven/shared/maven-common-artifact-filters/3.0.1/maven-common-artifact-filters-3.0.1.jar:/Users/samshulman/.m2/repository/org/apache/maven/maven-model/3.0/maven-model-3.0.jar:/Users/samshulman/.m2/repository/org/apache/maven/maven-plugin-api/3.0/maven-plugin-api-3.0.jar:/Users/samshulman/.m2/repository/org/sonatype/sisu/sisu-inject-plexus/1.4.2/sisu-inject-plexus-1.4.2.jar:/Users/samshulman/.m2/repository/org/codehaus/plexus/plexus-classworlds/2.2.3/plexus-classworlds-2.2.3.jar:/Users/samshulman/.m2/repository/org/sonatype/sisu/sisu-inject-bean/1.4.2/sisu-inject-bean-1.4.2.jar:/Users/samshulman/.m2/repository/org/sonatype/sisu/sisu-guice/2.1.7/sisu-guice-2.1.7-noaop.jar:/Users/samshulman/.m2/repository/org/apache/maven/shared/maven-shared-utils/3.1.0/maven-shared-utils-3.1.0.jar:/Users/samshulman/.m2/repository/commons-io/commons-io/2.5/commons-io-2.5.jar:/Users/samshulman/.m2/repository/commons-codec/commons-codec/1.11/commons-codec-1.11.jar:/Users/samshulman/.m2/repository/org/codehaus/plexus/plexus-java/1.0.5/plexus-java-1.0.5.jar:/Users/samshulman/.m2/repository/org/ow2/asm/asm/7.2/asm-7.2.jar:/Users/samshulman/.m2/repository/com/thoughtworks/qdox/qdox/2.0-M9/qdox-2.0-M9.jar:/Users/samshulman/.m2/repository/org/apache/maven/surefire/surefire-report-parser/3.0.0-M5/surefire-report-parser-3.0.0-M5.jar:/Users/samshulman/.m2/repository/org/apache/maven/surefire/surefire-logger-api/3.0.0-M5/surefire-logger-api-3.0.0-M5.jar:/Users/samshulman/.m2/repository/org/apache/maven/surefire/surefire-shared-utils/3.0.0-M4/surefire-shared-utils-3.0.0-M4.jar:/Users/samshulman/.m2/repository/org/apache/maven/reporting/maven-reporting-api/3.0/maven-reporting-api-3.0.jar:/Users/samshulman/.m2/repository/org/apache/maven/doxia/doxia-sink-api/1.0/doxia-sink-api-1.0.jar:/Users/samshulman/.m2/repository/jakarta/xml/bind/jakarta.xml.bind-api/3.0.0/jakarta.xml.bind-api-3.0.0.jar:/Users/samshulman/.m2/repository/com/sun/activation/jakarta.activation/2.0.0/jakarta.activation-2.0.0.jar:/Users/samshulman/.m2/repository/com/sun/xml/bind/jaxb-impl/3.0.0/jaxb-impl-3.0.0.jar:/Users/samshulman/.m2/repository/com/sun/xml/bind/jaxb-core/3.0.0/jaxb-core-3.0.0.jar:"/>
    <property name="sun.cpu.endian" value="little"/>
    <property name="user.home" value="/Users/samshulman"/>
    <property name="user.language" value="en"/>
    <property name="java.specification.vendor" value="Oracle Corporation"/>
    <property name="java.version.date" value="2021-10-19"/>
    <property name="java.home" value="/Users/samshulman/Library/Java/JavaVirtualMachines/openjdk-17.0.1/Contents/Home"/>
    <property name="file.separator" value="/"/>
    <property name="basedir" value="/Users/samshulman/Desktop/Shulman_Sam_9736998748/DataStructures/project/stage5"/>
    <property name="java.vm.compressedOopsMode" value="Zero based"/>
    <property name="line.separator" value="&#10;"/>
    <property name="java.specification.name" value="Java Platform API Specification"/>
    <property name="java.vm.specification.vendor" value="Oracle Corporation"/>
    <property name="surefire.real.class.path" value="/Users/samshulman/Desktop/Shulman_Sam_9736998748/DataStructures/project/stage5/target/surefire/surefirebooter1729745553841935899.jar"/>
    <property name="sun.management.compiler" value="HotSpot 64-Bit Tiered Compilers"/>
    <property name="ftp.nonProxyHosts" value="local|*.local|169.254/16|*.169.254/16"/>
    <property name="java.runtime.version" value="17.0.1+12-39"/>
    <property name="user.name" value="samshulman"/>
    <property name="path.separator" value=":"/>
    <property name="os.version" value="12.3.1"/>
    <property name="java.runtime.name" value="OpenJDK Runtime Environment"/>
    <property name="file.encoding" value="UTF-8"/>
    <property name="java.vm.name" value="OpenJDK 64-Bit Server VM"/>
    <property name="localRepository" value="/Users/samshulman/.m2/repository"/>
    <property name="java.vendor.url.bug" value="https://bugreport.java.com/bugreport/"/>
    <property name="java.io.tmpdir" value="/var/folders/k3/p953l0tn4rv8zt_tr21l87b80000gn/T/"/>
    <property name="java.version" value="17.0.1"/>
    <property name="user.dir" value="/Users/samshulman/Desktop/Shulman_Sam_9736998748/DataStructures/project/stage5"/>
    <property name="os.arch" value="x86_64"/>
    <property name="java.vm.specification.name" value="Java Virtual Machine Specification"/>
    <property name="native.encoding" value="UTF-8"/>
    <property name="java.library.path" value="/Users/samshulman/Library/Java/Extensions:/Library/Java/Extensions:/Network/Library/Java/Extensions:/System/Library/Java/Extensions:/usr/lib/java:."/>
    <property name="java.vm.info" value="mixed mode, sharing"/>
    <property name="java.vendor" value="Oracle Corporation"/>
    <property name="java.vm.version" value="17.0.1+12-39"/>
    <property name="sun.io.unicode.encoding" value="UnicodeBig"/>
    <property name="socksNonProxyHosts" value="local|*.local|169.254/16|*.169.254/16"/>
    <property name="java.class.version" value="61.0"/>
  </properties>
  <testcase name="stage3PlainUndoThatImpactsMultiple" classname="edu.yu.cs.com1320.project.stage5.UndoTest" time="0.004">
    <error type="java.lang.NullPointerException"><![CDATA[java.lang.NullPointerException: Cannot invoke "edu.yu.cs.com1320.project.stage5.Document.getWords()" because "doc" is null
	at edu.yu.cs.com1320.project.stage5.UndoTest.stage3PlainUndoThatImpactsMultiple(UndoTest.java:98)
]]></error>
  </testcase>
  <testcase name="stage3UndoByURIThatImpactsEarlierThanLast" classname="edu.yu.cs.com1320.project.stage5.UndoTest" time="0.003">
    <error type="java.lang.NullPointerException"><![CDATA[java.lang.NullPointerException: Cannot invoke "edu.yu.cs.com1320.project.stage5.Document.getWords()" because "doc" is null
	at edu.yu.cs.com1320.project.stage5.UndoTest.stage3UndoByURIThatImpactsEarlierThanLast(UndoTest.java:166)
]]></error>
  </testcase>
  <testcase name="undoNthDeleteByURI" classname="edu.yu.cs.com1320.project.stage5.UndoTest" time="0.002"/>
  <testcase name="undoAfterOnePut" classname="edu.yu.cs.com1320.project.stage5.UndoTest" time="0.001">
    <failure type="org.opentest4j.AssertionFailedError"><![CDATA[org.opentest4j.AssertionFailedError: Put was undone - should have been null ==> expected: <null> but was: <edu.yu.cs.com1320.project.stage5.impl.DocumentImpl@d5ba1f91>
	at edu.yu.cs.com1320.project.stage5.UndoTest.undoAfterOnePut(UndoTest.java:190)
]]></failure>
  </testcase>
  <testcase name="stage3UndoByURIThatImpactsOne" classname="edu.yu.cs.com1320.project.stage5.UndoTest" time="0.002">
    <error type="java.lang.NullPointerException"><![CDATA[java.lang.NullPointerException: Cannot invoke "edu.yu.cs.com1320.project.stage5.Document.getWords()" because "doc" is null
	at edu.yu.cs.com1320.project.stage5.UndoTest.stage3UndoByURIThatImpactsOne(UndoTest.java:130)
]]></error>
  </testcase>
  <testcase name="undoNthPutByURI" classname="edu.yu.cs.com1320.project.stage5.UndoTest" time="0.002">
    <failure type="org.opentest4j.AssertionFailedError"><![CDATA[org.opentest4j.AssertionFailedError: should've returned null - put was undone ==> expected: <null> but was: <edu.yu.cs.com1320.project.stage5.impl.DocumentImpl@248c5e17>
	at edu.yu.cs.com1320.project.stage5.UndoTest.undoNthPutByURI(UndoTest.java:253)
]]></failure>
  </testcase>
  <testcase name="undoDelete" classname="edu.yu.cs.com1320.project.stage5.UndoTest" time="0.002"/>
  <testcase name="undoAfterMultiplePuts" classname="edu.yu.cs.com1320.project.stage5.UndoTest" time="0.002">
    <failure type="org.opentest4j.AssertionFailedError"><![CDATA[org.opentest4j.AssertionFailedError: should've been null - put doc4 was undone ==> expected: <null> but was: <edu.yu.cs.com1320.project.stage5.impl.DocumentImpl@6a24e7c9>
	at edu.yu.cs.com1320.project.stage5.UndoTest.undoAfterMultiplePuts(UndoTest.java:221)
]]></failure>
  </testcase>
  <testcase name="undoOverwriteByURI" classname="edu.yu.cs.com1320.project.stage5.UndoTest" time="0.002">
    <failure type="org.opentest4j.AssertionFailedError"><![CDATA[org.opentest4j.AssertionFailedError: should've returned original text ==> expected: <true> but was: <false>
	at edu.yu.cs.com1320.project.stage5.UndoTest.undoOverwriteByURI(UndoTest.java:284)
]]></failure>
  </testcase>
  <testcase name="undoByURIWhenEmptyShouldThrow" classname="edu.yu.cs.com1320.project.stage5.UndoTest" time="0.002"/>
  <testcase name="undoWhenEmptyShouldThrow" classname="edu.yu.cs.com1320.project.stage5.UndoTest" time="0.001"/>
</testsuite>